<?xml version="1.0" encoding="UTF-8"?>
<testsuite name="com.weather.api.OpenWeatherApiControllerTest" tests="1" skipped="0" failures="0" errors="0" timestamp="2021-08-22T13:38:44" hostname="DESKTOP-JGKJU77" time="29.496">
  <properties/>
  <testcase name="data()" classname="com.weather.api.OpenWeatherApiControllerTest" time="29.496"/>
  <system-out><![CDATA[22:38:40.258 [Test worker] DEBUG org.springframework.test.context.BootstrapUtils - Instantiating CacheAwareContextLoaderDelegate from class [org.springframework.test.context.cache.DefaultCacheAwareContextLoaderDelegate]
22:38:40.284 [Test worker] DEBUG org.springframework.test.context.BootstrapUtils - Instantiating BootstrapContext using constructor [public org.springframework.test.context.support.DefaultBootstrapContext(java.lang.Class,org.springframework.test.context.CacheAwareContextLoaderDelegate)]
22:38:40.383 [Test worker] DEBUG org.springframework.test.context.BootstrapUtils - Instantiating TestContextBootstrapper for test class [com.weather.api.OpenWeatherApiControllerTest] from class [org.springframework.boot.test.context.SpringBootTestContextBootstrapper]
22:38:40.437 [Test worker] INFO org.springframework.boot.test.context.SpringBootTestContextBootstrapper - Neither @ContextConfiguration nor @ContextHierarchy found for test class [com.weather.api.OpenWeatherApiControllerTest], using SpringBootContextLoader
22:38:40.451 [Test worker] DEBUG org.springframework.test.context.support.AbstractContextLoader - Did not detect default resource location for test class [com.weather.api.OpenWeatherApiControllerTest]: class path resource [com/weather/api/OpenWeatherApiControllerTest-context.xml] does not exist
22:38:40.452 [Test worker] DEBUG org.springframework.test.context.support.AbstractContextLoader - Did not detect default resource location for test class [com.weather.api.OpenWeatherApiControllerTest]: class path resource [com/weather/api/OpenWeatherApiControllerTestContext.groovy] does not exist
22:38:40.453 [Test worker] INFO org.springframework.test.context.support.AbstractContextLoader - Could not detect default resource locations for test class [com.weather.api.OpenWeatherApiControllerTest]: no resource found for suffixes {-context.xml, Context.groovy}.
22:38:40.455 [Test worker] INFO org.springframework.test.context.support.AnnotationConfigContextLoaderUtils - Could not detect default configuration classes for test class [com.weather.api.OpenWeatherApiControllerTest]: OpenWeatherApiControllerTest does not declare any static, non-private, non-final, nested classes annotated with @Configuration.
22:38:40.581 [Test worker] DEBUG org.springframework.test.context.support.ActiveProfilesUtils - Could not find an 'annotation declaring class' for annotation type [org.springframework.test.context.ActiveProfiles] and class [com.weather.api.OpenWeatherApiControllerTest]
22:38:40.705 [Test worker] DEBUG org.springframework.context.annotation.ClassPathScanningCandidateComponentProvider - Identified candidate component class: file [D:\develop\workspace\weather\build\classes\java\main\com\weather\WeatherApplication.class]
22:38:40.707 [Test worker] INFO org.springframework.boot.test.context.SpringBootTestContextBootstrapper - Found @SpringBootConfiguration com.weather.WeatherApplication for test class com.weather.api.OpenWeatherApiControllerTest
22:38:40.866 [Test worker] DEBUG org.springframework.boot.test.context.SpringBootTestContextBootstrapper - @TestExecutionListeners is not present for class [com.weather.api.OpenWeatherApiControllerTest]: using defaults.
22:38:40.867 [Test worker] INFO org.springframework.boot.test.context.SpringBootTestContextBootstrapper - Loaded default TestExecutionListener class names from location [META-INF/spring.factories]: [org.springframework.boot.test.autoconfigure.restdocs.RestDocsTestExecutionListener, org.springframework.boot.test.autoconfigure.web.client.MockRestServiceServerResetTestExecutionListener, org.springframework.boot.test.autoconfigure.web.servlet.MockMvcPrintOnlyOnFailureTestExecutionListener, org.springframework.boot.test.autoconfigure.web.servlet.WebDriverTestExecutionListener, org.springframework.boot.test.autoconfigure.webservices.client.MockWebServiceServerTestExecutionListener, org.springframework.boot.test.mock.mockito.MockitoTestExecutionListener, org.springframework.boot.test.mock.mockito.ResetMocksTestExecutionListener, org.springframework.test.context.web.ServletTestExecutionListener, org.springframework.test.context.support.DirtiesContextBeforeModesTestExecutionListener, org.springframework.test.context.support.DependencyInjectionTestExecutionListener, org.springframework.test.context.support.DirtiesContextTestExecutionListener, org.springframework.test.context.transaction.TransactionalTestExecutionListener, org.springframework.test.context.jdbc.SqlScriptsTestExecutionListener, org.springframework.test.context.event.EventPublishingTestExecutionListener]
22:38:40.890 [Test worker] INFO org.springframework.boot.test.context.SpringBootTestContextBootstrapper - Using TestExecutionListeners: [org.springframework.test.context.web.ServletTestExecutionListener@2e2251fe, org.springframework.test.context.support.DirtiesContextBeforeModesTestExecutionListener@324c4c0b, org.springframework.boot.test.mock.mockito.MockitoTestExecutionListener@2ab13048, org.springframework.boot.test.autoconfigure.SpringBootDependencyInjectionTestExecutionListener@6df6e2cd, org.springframework.test.context.support.DirtiesContextTestExecutionListener@5167f32c, org.springframework.test.context.transaction.TransactionalTestExecutionListener@11bd11f, org.springframework.test.context.jdbc.SqlScriptsTestExecutionListener@220b8204, org.springframework.test.context.event.EventPublishingTestExecutionListener@78b1fc02, org.springframework.boot.test.autoconfigure.restdocs.RestDocsTestExecutionListener@16a18eab, org.springframework.boot.test.autoconfigure.web.client.MockRestServiceServerResetTestExecutionListener@496d3649, org.springframework.boot.test.autoconfigure.web.servlet.MockMvcPrintOnlyOnFailureTestExecutionListener@378886c2, org.springframework.boot.test.autoconfigure.web.servlet.WebDriverTestExecutionListener@40ae2ddd, org.springframework.boot.test.autoconfigure.webservices.client.MockWebServiceServerTestExecutionListener@5a6037b5, org.springframework.boot.test.mock.mockito.ResetMocksTestExecutionListener@7a9f8dce]
22:38:40.908 [Test worker] DEBUG org.springframework.test.context.support.AbstractDirtiesContextTestExecutionListener - Before test class: context [DefaultTestContext@5ba98cc8 testClass = OpenWeatherApiControllerTest, testInstance = [null], testMethod = [null], testException = [null], mergedContextConfiguration = [WebMergedContextConfiguration@7543e9bc testClass = OpenWeatherApiControllerTest, locations = '{}', classes = '{class com.weather.WeatherApplication}', contextInitializerClasses = '[]', activeProfiles = '{}', propertySourceLocations = '{}', propertySourceProperties = '{org.springframework.boot.test.context.SpringBootTestContextBootstrapper=true}', contextCustomizers = set[org.springframework.boot.test.autoconfigure.properties.PropertyMappingContextCustomizer@0, org.springframework.boot.test.autoconfigure.web.servlet.WebDriverContextCustomizerFactory$Customizer@15f8599a, org.springframework.boot.test.context.filter.ExcludeFilterContextCustomizer@4420d82f, org.springframework.boot.test.json.DuplicateJsonObjectContextCustomizerFactory$DuplicateJsonObjectContextCustomizer@4393a814, org.springframework.boot.test.mock.mockito.MockitoContextCustomizer@0, org.springframework.boot.test.web.client.TestRestTemplateContextCustomizer@23b18efc, org.springframework.boot.test.context.SpringBootTestArgs@1], resourceBasePath = 'src/main/webapp', contextLoader = 'org.springframework.boot.test.context.SpringBootContextLoader', parent = [null]], attributes = map['org.springframework.test.context.web.ServletTestExecutionListener.activateListener' -> true]], class annotated with @DirtiesContext [false] with mode [null].
22:38:40.962 [Test worker] DEBUG org.springframework.test.context.support.TestPropertySourceUtils - Adding inlined properties to environment: {spring.jmx.enabled=false, org.springframework.boot.test.context.SpringBootTestContextBootstrapper=true}

  .   ____          _            __ _ _
 /\\ / ___'_ __ _ _(_)_ __  __ _ \ \ \ \
( ( )\___ | '_ | '_| | '_ \/ _` | \ \ \ \
 \\/  ___)| |_)| | | | | || (_| |  ) ) ) )
  '  |____| .__|_| |_|_| |_\__, | / / / /
 =========|_|==============|___/=/_/_/_/
 :: Spring Boot ::        (v2.3.2.RELEASE)

2021-08-22 22:38:41.458  INFO 28592 --- [    Test worker] c.w.api.OpenWeatherApiControllerTest     : Starting OpenWeatherApiControllerTest on DESKTOP-JGKJU77 with PID 28592 (started by sehee in D:\develop\workspace\weather)
2021-08-22 22:38:41.460  INFO 28592 --- [    Test worker] c.w.api.OpenWeatherApiControllerTest     : No active profile set, falling back to default profiles: default
2021-08-22 22:38:43.837  INFO 28592 --- [    Test worker] o.s.s.concurrent.ThreadPoolTaskExecutor  : Initializing ExecutorService 'applicationTaskExecutor'
2021-08-22 22:38:43.998  INFO 28592 --- [    Test worker] o.s.b.a.w.s.WelcomePageHandlerMapping    : Adding welcome page: class path resource [static/index.html]
2021-08-22 22:38:44.457  INFO 28592 --- [    Test worker] c.w.api.OpenWeatherApiControllerTest     : Started OpenWeatherApiControllerTest in 3.477 seconds (JVM running for 5.925)
com.weather.api.domain.OpenWeatherApi@6533664c
]]></system-out>
  <system-err><![CDATA[]]></system-err>
</testsuite>
